<testsuite name="maven_deploy_test-suite" time="0.058" failures="0" errors="0" skipped="0" tests="1">
  <properties>
    <property key="java.runtime.name" value="OpenJDK Runtime Environment"/>
    <property key="sun.boot.library.path" value="/usr/lib/jvm/java-8-openjdk-amd64/jre/lib/amd64"/>
    <property key="java.vm.version" value="25.162-b12"/>
    <property key="maven.multiModuleProjectDirectory" value="/root/AnypointStudio/workspace/maven_deploy"/>
    <property key="java.vm.vendor" value="Oracle Corporation"/>
    <property key="java.vendor.url" value="http://java.oracle.com/"/>
    <property key="guice.disable.misplaced.annotation.check" value="true"/>
    <property key="path.separator" value=":"/>
    <property key="java.vm.name" value="OpenJDK 64-Bit Server VM"/>
    <property key="file.encoding.pkg" value="sun.io"/>
    <property key="user.country" value="IN"/>
    <property key="sun.java.launcher" value="SUN_STANDARD"/>
    <property key="sun.os.patch.level" value="unknown"/>
    <property key="java.vm.specification.name" value="Java Virtual Machine Specification"/>
    <property key="user.dir" value="/root/AnypointStudio/workspace/maven_deploy"/>
    <property key="java.runtime.version" value="1.8.0_162-8u162-b12-0ubuntu0.16.04.2-b12"/>
    <property key="java.awt.graphicsenv" value="sun.awt.X11GraphicsEnvironment"/>
    <property key="mule.testingMode" value="true"/>
    <property key="java.endorsed.dirs" value="/usr/lib/jvm/java-8-openjdk-amd64/jre/lib/endorsed"/>
    <property key="os.arch" value="amd64"/>
    <property key="java.io.tmpdir" value="/tmp"/>
    <property key="line.separator" value="&#xa;"/>
    <property key="java.vm.specification.vendor" value="Oracle Corporation"/>
    <property key="os.name" value="Linux"/>
    <property key="classworlds.conf" value="/opt/maven/bin/m2.conf"/>
    <property key="sun.jnu.encoding" value="UTF-8"/>
    <property key="java.library.path" value="/usr/java/packages/lib/amd64:/usr/lib/x86_64-linux-gnu/jni:/lib/x86_64-linux-gnu:/usr/lib/x86_64-linux-gnu:/usr/lib/jni:/lib:/usr/lib"/>
    <property key="maven.conf" value="/opt/maven/conf"/>
    <property key="java.specification.name" value="Java Platform API Specification"/>
    <property key="java.class.version" value="52.0"/>
    <property key="sun.management.compiler" value="HotSpot 64-Bit Tiered Compilers"/>
    <property key="os.version" value="4.13.0-39-generic"/>
    <property key="library.jansi.path" value="/opt/maven/lib/jansi-native"/>
    <property key="user.home" value="/root"/>
    <property key="user.timezone" value="Asia/Kolkata"/>
    <property key="java.awt.printerjob" value="sun.print.PSPrinterJob"/>
    <property key="file.encoding" value="UTF-8"/>
    <property key="java.specification.version" value="1.8"/>
    <property key="log4j.configurationFile" value="file:/root/AnypointStudio/workspace/maven_deploy/target/test-classes/log4j2-test.xml"/>
    <property key="cobertura.port" value="50241"/>
    <property key="java.class.path" value="/opt/maven/boot/plexus-classworlds-2.5.2.jar"/>
    <property key="user.name" value="root"/>
    <property key="java.vm.specification.version" value="1.8"/>
    <property key="sun.java.command" value="org.codehaus.plexus.classworlds.launcher.Launcher -B clean package"/>
    <property key="java.home" value="/usr/lib/jvm/java-8-openjdk-amd64/jre"/>
    <property key="sun.arch.data.model" value="64"/>
    <property key="user.language" value="en"/>
    <property key="java.specification.vendor" value="Oracle Corporation"/>
    <property key="awt.toolkit" value="sun.awt.X11.XToolkit"/>
    <property key="java.vm.info" value="mixed mode"/>
    <property key="java.version" value="1.8.0_162"/>
    <property key="securerandom.source" value="file:/dev/./urandom"/>
    <property key="java.ext.dirs" value="/usr/lib/jvm/java-8-openjdk-amd64/jre/lib/ext:/usr/java/packages/lib/ext"/>
    <property key="sun.boot.class.path" value="/usr/lib/jvm/java-8-openjdk-amd64/jre/lib/resources.jar:/usr/lib/jvm/java-8-openjdk-amd64/jre/lib/rt.jar:/usr/lib/jvm/java-8-openjdk-amd64/jre/lib/sunrsasign.jar:/usr/lib/jvm/java-8-openjdk-amd64/jre/lib/jsse.jar:/usr/lib/jvm/java-8-openjdk-amd64/jre/lib/jce.jar:/usr/lib/jvm/java-8-openjdk-amd64/jre/lib/charsets.jar:/usr/lib/jvm/java-8-openjdk-amd64/jre/lib/jfr.jar:/usr/lib/jvm/java-8-openjdk-amd64/jre/classes"/>
    <property key="java.vendor" value="Oracle Corporation"/>
    <property key="maven.home" value="/opt/maven"/>
    <property key="file.separator" value="/"/>
    <property key="java.vendor.url.bug" value="http://bugreport.sun.com/bugreport/"/>
    <property key="sun.io.unicode.encoding" value="UnicodeLittle"/>
    <property key="sun.cpu.endian" value="little"/>
    <property key="mule.encoding" value="UTF-8"/>
    <property key="sun.cpu.isalist" value=""/>
  </properties>
  <testcase time="0.058" name="maven_deploy_test-suite-maven_deployFlowTest" classname="maven_deploy_test-suite"/>
</testsuite>